<?xml version="1.0" encoding="UTF-8"?>
<!-- Generated by org.testng.reporters.JUnitReportReporter -->
<testsuite skipped="0" hostname="NagarajPersonalLaptop" name="firsttestngpackage.FirstTestNGFile" tests="12" failures="0" timestamp="2020-07-17T23:20:33 IST" time="119.494" errors="0">
  <testcase name="registeration" time="3.352" classname="firsttestngpackage.FirstTestNGFile"/>
  <system-out/>
  <testcase name="registeration2" time="12.827" classname="firsttestngpackage.FirstTestNGFile"/>
  <system-out/>
  <testcase name="searchBarAutomation" time="30.420" classname="firsttestngpackage.FirstTestNGFile"/>
  <system-out/>
  <testcase name="addToCartAutomationPrintedDress" time="13.815" classname="firsttestngpackage.FirstTestNGFile"/>
  <system-out/>
  <testcase name="addToCartAutomationPrintedDress2" time="11.355" classname="firsttestngpackage.FirstTestNGFile"/>
  <system-out/>
  <testcase name="addToCartAutomationPrintedChiffonDress" time="10.979" classname="firsttestngpackage.FirstTestNGFile"/>
  <system-out/>
  <testcase name="addToCartAutomationPrintedSummerDress" time="10.375" classname="firsttestngpackage.FirstTestNGFile"/>
  <system-out/>
  <testcase name="addToCartTshirt" time="9.273" classname="firsttestngpackage.FirstTestNGFile"/>
  <system-out/>
  <testcase name="addToCartAutomationBlouse" time="5.856" classname="firsttestngpackage.FirstTestNGFile"/>
  <system-out/>
  <testcase name="login_Pass" time="4.654" classname="firsttestngpackage.FirstTestNGFile"/>
  <system-out/>
  <testcase name="loginOUT" time="3.586" classname="firsttestngpackage.FirstTestNGFile"/>
  <system-out/>
  <testcase name="login_Fail" time="3.002" classname="firsttestngpackage.FirstTestNGFile"/>
  <system-out/>
</testsuite> <!-- firsttestngpackage.FirstTestNGFile -->
